<?xml version="1.0" encoding="UTF-8"?>
<testsuite name="LibraryTest" tests="1" skipped="0" failures="0" errors="0" timestamp="2017-10-07T03:58:10" hostname="MBP-de-Anderson" time="0.006">
  <properties/>
  <testcase name="testSomeLibraryMethod" classname="LibraryTest" time="0.006"/>
  <system-out><![CDATA[]]></system-out>
  <system-err><![CDATA[]]></system-err>
</testsuite>
